
Report datetime: 12/18/2022 11:34:36 PM 
Potato Crisps| 0
Stackers| 0
Grain Waves| 0
Cloud Popcorn| 0
Moonpie| 0
Cowtales| 0
Wonka Bar| 0
Crunchie| 0
Cola| 0
Dr. Salt| 1
Mountain Melter| 1
Heavy| 0
U-Chews| 1
Little League Chew| 0
Chiclets| 0
Triplemint| 0

***TOTAL SALES*** $3.60

Report datetime: 12/18/2022 11:41:54 PM 
Potato Crisps| 1
Stackers| 0
Grain Waves| 0
Cloud Popcorn| 0
Moonpie| 0
Cowtales| 0
Wonka Bar| 0
Crunchie| 0
Cola| 0
Dr. Salt| 0
Mountain Melter| 0
Heavy| 0
U-Chews| 1
Little League Chew| 0
Chiclets| 0
Triplemint| 1

***TOTAL SALES*** $4.65

Report datetime: 12/18/2022 11:45:44 PM 
Potato Crisps| 2
Stackers| 1
Grain Waves| 0
Cloud Popcorn| 0
Moonpie| 0
Cowtales| 0
Wonka Bar| 0
Crunchie| 0
Cola| 0
Dr. Salt| 0
Mountain Melter| 0
Heavy| 0
U-Chews| 1
Little League Chew| 0
Chiclets| 0
Triplemint| 1

***TOTAL SALES*** $9.15

Report datetime: 12/19/2022 12:48:16 AM 
Potato Crisps | 0
Stackers | 0
Grain Waves | 0
Cloud Popcorn | 0
Moonpie | 0
Cowtales | 0
Wonka Bar | 0
Crunchie | 0
Cola | 0
Dr. Salt | 0
Mountain Melter | 0
Heavy | 0
U-Chews | 0
Little League Chew | 0
Chiclets | 0
Triplemint | 2

***TOTAL SALES*** $1.50

Report datetime: 12/19/2022 07:19:06 PM 
Potato Crisps | 1
Stackers | 0
Grain Waves | 0
Cloud Popcorn | 0
Moonpie | 0
Cowtales | 0
Wonka Bar | 0
Crunchie | 0
Cola | 0
Dr. Salt | 0
Mountain Melter | 0
Heavy | 0
U-Chews | 1
Little League Chew | 0
Chiclets | 0
Triplemint | 1

***TOTAL SALES*** $4.65

Report datetime: 12/19/2022 10:28:19 PM 
Potato Crisps | 0
Stackers | 0
Grain Waves | 0
Cloud Popcorn | 0
Moonpie | 0
Cowtales | 0
Wonka Bar | 0
Crunchie | 0
Cola | 0
Dr. Salt | 0
Mountain Melter | 0
Heavy | 0
U-Chews | 0
Little League Chew | 0
Chiclets | 0
Triplemint | 0

***TOTAL SALES*** $0.00

Report datetime: 12/20/2022 09:35:48 PM 
Potato Crisps | 2
Stackers | 0
Grain Waves | 0
Cloud Popcorn | 0
Moonpie | 0
Cowtales | 0
Wonka Bar | 0
Crunchie | 0
Cola | 1
Dr. Salt | 0
Mountain Melter | 0
Heavy | 0
U-Chews | 1
Little League Chew | 0
Chiclets | 0
Triplemint | 1

***TOTAL SALES*** $9.45

Report datetime: 12/20/2022 10:29:32 PM 
Potato Crisps | 5
Stackers | 0
Grain Waves | 0
Cloud Popcorn | 0
Moonpie | 0
Cowtales | 0
Wonka Bar | 0
Crunchie | 0
Cola | 0
Dr. Salt | 0
Mountain Melter | 1
Heavy | 0
U-Chews | 0
Little League Chew | 0
Chiclets | 2
Triplemint | 1

***TOTAL SALES*** $19.00

Report datetime: 12/20/2022 11:30:34 PM 
Potato Crisps | 2
Stackers | 0
Grain Waves | 0
Cloud Popcorn | 0
Moonpie | 0
Cowtales | 0
Wonka Bar | 0
Crunchie | 0
Cola | 1
Dr. Salt | 0
Mountain Melter | 1
Heavy | 0
U-Chews | 0
Little League Chew | 0
Chiclets | 0
Triplemint | 2

***TOTAL SALES*** $10.85

Report datetime: 12/21/2022 03:04:28 AM 
Potato Crisps | 0
Stackers | 0
Grain Waves | 0
Cloud Popcorn | 0
Moonpie | 0
Cowtales | 0
Wonka Bar | 0
Crunchie | 0
Cola | 1
Dr. Salt | 0
Mountain Melter | 0
Heavy | 2
U-Chews | 0
Little League Chew | 0
Chiclets | 0
Triplemint | 1

***TOTAL SALES*** $5.50

Report datetime: 12/21/2022 11:00:15 AM 
Potato Crisps | 0
Stackers | 0
Grain Waves | 0
Cloud Popcorn | 0
Moonpie | 0
Cowtales | 0
Wonka Bar | 2
Crunchie | 0
Cola | 0
Dr. Salt | 0
Mountain Melter | 0
Heavy | 0
U-Chews | 0
Little League Chew | 0
Chiclets | 0
Triplemint | 0

***TOTAL SALES*** $3.00
